This file contains any messages produced by compilers while
running configure, to aid debugging if configure makes a mistake.

It was created by connman configure 1.12, which was
generated by GNU Autoconf 2.69.  Invocation command line was

  $ ./configure --disable-static --enable-shared --disable-debug --disable-gtk-doc --enable-pie --enable-threads --enable-hh2serial-gps --enable-openconnect --enable-openvpn --enable-vpnc --enable-l2tp --enable-pptp --disable-iwmx --enable-iospm --enable-tist --enable-session-policy-local --enable-test --enable-nmcompat --enable-polkit --enable-loopback --enable-ethernet --enable-wifi --enable-bluetooth --enable-ofono --enable-dundee --enable-pacrunner --enable-wispr --enable-tools --enable-client --enable-datafiles

## --------- ##
## Platform. ##
## --------- ##

hostname = ilia
uname -m = x86_64
uname -r = 3.7.10-1.1-desktop
uname -s = Linux
uname -v = #1 SMP PREEMPT Thu Feb 28 15:06:29 UTC 2013 (82d3f21)

/usr/bin/uname -p = x86_64
/bin/uname -X     = unknown

/bin/arch              = x86_64
/usr/bin/arch -k       = unknown
/usr/convex/getsysinfo = unknown
/usr/bin/hostinfo      = unknown
/bin/machine           = unknown
/usr/bin/oslevel       = unknown
/bin/universe          = unknown

PATH: /usr/bin
PATH: /home/ilia/bin
PATH: /usr/local/bin
PATH: /usr/bin
PATH: /bin
PATH: /usr/bin/X11
PATH: /usr/X11R6/bin
PATH: /usr/games
PATH: /opt/kde3/bin
PATH: /usr/lib/mit/bin
PATH: /usr/lib/mit/sbin


## ----------- ##
## Core tests. ##
## ----------- ##

configure:2325: loading site script /usr/share/site/x86_64-unknown-linux-gnu
| #!/bin/sh
| # Site script for configure. It is resourced via $CONFIG_SITE environment varaible.
| 
| # If user did not specify libdir, guess the correct target:
| # Use lib64 for 64 bit bi-arch targets, keep the default for the rest.
| if test "$libdir" = '${exec_prefix}/lib' ; then
| 
| 	ac_config_site_64bit_host=NONE
| 
| 	case "$host" in
| 	"" )
| 		# User did not specify host target.
| 		# The native platform x86_64 is a bi-arch platform.
| 		# Try to detect cross-compilation to inferior architecture.
| 
| 		# We are trying to guess 32-bit target compilation. It's not as easy as
| 		# it sounds, as there is possible several intermediate combinations.
| 		ac_config_site_cross_to_32bit_host=NONE
| 
| 		# User defined -m32 in CFLAGS or CXXFLAGS:
| 		# (It's sufficient for 32-bit, but alone may cause mis-behavior of some checks.)
| 		case "$CFLAGS" in
| 		*-m32*)
| 			ac_config_site_cross_to_32bit_host=YES
| 			;;
| 		esac
| 		case "$CXXFLAGS" in
| 		*-m32*)
| 			ac_config_site_cross_to_32bit_host=YES
| 			;;
| 		esac
| 
| 		# Running with linux32:
| 		# (Changes detected platform, but not the toolchain target.)
| 		case "`/bin/uname -i`" in
| 		x86_64 | ppc64 | s390x )
| 			;;
| 		* )
| 			ac_config_site_cross_to_32bit_host=YES
| 			;;
| 		esac
| 
| 		if test "x$ac_config_site_cross_to_32bit_host" = xNONE; then
| 			ac_config_site_64bit_host=YES
| 		fi
| 
| 		;;
| 	*x86_64* | *ppc64* | *s390x* )
| 		ac_config_site_64bit_host=YES
| 		;;
| 	esac
| 
| 	if test "x$ac_config_site_64bit_host" = xYES; then
| 		libdir='${exec_prefix}/lib64'
| 	fi
| fi
| 
| # If user did not specify libexecdir, set the correct target:
| # Nor FHS nor openSUSE allow prefix/libexec. Let's default to prefix/lib.
| 
| if test "$libexecdir" = '${exec_prefix}/libexec' ; then
| 	libexecdir='${exec_prefix}/lib'
| fi
| 
| # Continue with the standard behavior of configure defined in AC_SITE_LOAD:
| if test "x$prefix" != xNONE; then
| 	ac_site_file1=$prefix/share/config.site
| 	ac_site_file2=$prefix/etc/config.site
| else
| 	ac_site_file1=$ac_default_prefix/share/config.site
| 	ac_site_file2=$ac_default_prefix/etc/config.site
| fi
| for ac_site_file in "$ac_site_file1" "$ac_site_file2"
| do
| 	test "x$ac_site_file" = xNONE && continue
| 	if test /dev/null != "$ac_site_file" && test -r "$ac_site_file"; then
| 		{ $as_echo "/usr/share/site/x86_64-unknown-linux-gnu:${as_lineno-$LINENO}: loading site script $ac_site_file" >&5
| $as_echo "/usr/share/site/x86_64-unknown-linux-gnu: loading site script $ac_site_file" >&6;}
| 		sed 's/^/| /' "$ac_site_file" >&5
| 		. "$ac_site_file" \
| 			|| { { $as_echo "/usr/share/site/x86_64-unknown-linux-gnu:${as_lineno-$LINENO}: error: in \`$ac_pwd':" >&5
| $as_echo "/usr/share/site/x86_64-unknown-linux-gnu: error: in \`$ac_pwd':" >&2;}
| as_fn_error $? "failed to load site script $ac_site_file
| See \`config.log' for more details" "$LINENO" 5; }
| 	fi
| done
configure:2467: checking for a BSD-compatible install
configure:2535: result: /usr/bin/install -c
configure:2546: checking whether build environment is sane
configure:2601: result: yes
configure:2752: checking for a thread-safe mkdir -p
configure:2791: result: /usr/bin/mkdir -p
configure:2798: checking for gawk
configure:2814: found /usr/bin/gawk
configure:2825: result: gawk
configure:2836: checking whether make sets $(MAKE)
configure:2858: result: yes
configure:2953: checking whether make supports nested variables
configure:2970: result: yes
configure:2983: checking whether to enable maintainer-specific portions of Makefiles
configure:2992: result: no
configure:3062: checking for pkg-config
configure:3080: found /usr/bin/pkg-config
configure:3092: result: /usr/bin/pkg-config
configure:3117: checking pkg-config is at least version 0.9.0
configure:3120: result: yes
configure:3203: checking for gcc
configure:3219: found /usr/bin/gcc
configure:3230: result: gcc
configure:3459: checking for C compiler version
configure:3468: gcc --version >&5
gcc (SUSE Linux) 4.7.2 20130108 [gcc-4_7-branch revision 195012]
Copyright (C) 2012 Free Software Foundation, Inc.
This is free software; see the source for copying conditions.  There is NO
warranty; not even for MERCHANTABILITY or FITNESS FOR A PARTICULAR PURPOSE.

configure:3479: $? = 0
configure:3468: gcc -v >&5
Using built-in specs.
COLLECT_GCC=gcc
COLLECT_LTO_WRAPPER=/usr/lib64/gcc/x86_64-suse-linux/4.7/lto-wrapper
Target: x86_64-suse-linux
Configured with: ../configure --prefix=/usr --infodir=/usr/share/info --mandir=/usr/share/man --libdir=/usr/lib64 --libexecdir=/usr/lib64 --enable-languages=c,c++,objc,fortran,obj-c++,java,ada --enable-checking=release --with-gxx-include-dir=/usr/include/c++/4.7 --enable-ssp --disable-libssp --disable-libitm --disable-plugin --with-bugurl=http://bugs.opensuse.org/ --with-pkgversion='SUSE Linux' --disable-libgcj --disable-libmudflap --with-slibdir=/lib64 --with-system-zlib --enable-__cxa_atexit --enable-libstdcxx-allocator=new --disable-libstdcxx-pch --enable-version-specific-runtime-libs --enable-linker-build-id --program-suffix=-4.7 --enable-linux-futex --without-system-libunwind --with-arch-32=i586 --with-tune=generic --build=x86_64-suse-linux
Thread model: posix
gcc version 4.7.2 20130108 [gcc-4_7-branch revision 195012] (SUSE Linux) 
configure:3479: $? = 0
configure:3468: gcc -V >&5
gcc: error: unrecognized command line option '-V'
gcc: fatal error: no input files
compilation terminated.
configure:3479: $? = 1
configure:3468: gcc -qversion >&5
gcc: error: unrecognized command line option '-qversion'
gcc: fatal error: no input files
compilation terminated.
configure:3479: $? = 1
configure:3499: checking whether the C compiler works
configure:3521: gcc -Wall -O2 -D_FORTIFY_SOURCE=2   conftest.c  >&5
configure:3525: $? = 0
configure:3573: result: yes
configure:3576: checking for C compiler default output file name
configure:3578: result: a.out
configure:3584: checking for suffix of executables
configure:3591: gcc -o conftest -Wall -O2 -D_FORTIFY_SOURCE=2   conftest.c  >&5
configure:3595: $? = 0
configure:3617: result: 
configure:3639: checking whether we are cross compiling
configure:3647: gcc -o conftest -Wall -O2 -D_FORTIFY_SOURCE=2   conftest.c  >&5
configure:3651: $? = 0
configure:3658: ./conftest
configure:3662: $? = 0
configure:3677: result: no
configure:3682: checking for suffix of object files
configure:3704: gcc -c -Wall -O2 -D_FORTIFY_SOURCE=2  conftest.c >&5
configure:3708: $? = 0
configure:3729: result: o
configure:3733: checking whether we are using the GNU C compiler
configure:3752: gcc -c -Wall -O2 -D_FORTIFY_SOURCE=2  conftest.c >&5
configure:3752: $? = 0
configure:3761: result: yes
configure:3770: checking whether gcc accepts -g
configure:3790: gcc -c -g  conftest.c >&5
configure:3790: $? = 0
configure:3831: result: yes
configure:3848: checking for gcc option to accept ISO C89
configure:3911: gcc  -c -Wall -O2 -D_FORTIFY_SOURCE=2  conftest.c >&5
configure:3911: $? = 0
configure:3924: result: none needed
configure:3955: checking for style of include used by make
configure:3983: result: GNU
configure:4009: checking dependency style of gcc
configure:4120: result: gcc3
configure:4136: checking whether gcc and cc understand -c and -o together
configure:4167: gcc -c conftest.c -o conftest2.o >&5
configure:4171: $? = 0
configure:4177: gcc -c conftest.c -o conftest2.o >&5
configure:4181: $? = 0
configure:4192: cc -c conftest.c >&5
configure:4196: $? = 0
configure:4204: cc -c conftest.c -o conftest2.o >&5
configure:4208: $? = 0
configure:4214: cc -c conftest.c -o conftest2.o >&5
configure:4218: $? = 0
configure:4236: result: yes
configure:4262: checking whether gcc accepts -fPIE
configure:4277: result: yes
configure:4346: checking build system type
configure:4360: result: x86_64-unknown-linux-gnu
configure:4380: checking host system type
configure:4393: result: x86_64-unknown-linux-gnu
configure:4434: checking how to print strings
configure:4461: result: printf
configure:4482: checking for a sed that does not truncate output
configure:4546: result: /usr/bin/sed
configure:4564: checking for grep that handles long lines and -e
configure:4622: result: /usr/bin/grep
configure:4627: checking for egrep
configure:4689: result: /usr/bin/grep -E
configure:4694: checking for fgrep
configure:4756: result: /usr/bin/grep -F
configure:4791: checking for ld used by gcc
configure:4858: result: /usr/x86_64-suse-linux/bin/ld
configure:4865: checking if the linker (/usr/x86_64-suse-linux/bin/ld) is GNU ld
configure:4880: result: yes
configure:4892: checking for BSD- or MS-compatible name lister (nm)
configure:4941: result: /usr/bin/nm -B
configure:5071: checking the name lister (/usr/bin/nm -B) interface
configure:5078: gcc -c -Wall -O2 -D_FORTIFY_SOURCE=2  conftest.c >&5
configure:5081: /usr/bin/nm -B "conftest.o"
configure:5084: output
0000000000000000 B some_variable
configure:5091: result: BSD nm
configure:5094: checking whether ln -s works
configure:5098: result: yes
configure:5106: checking the maximum length of command line arguments
configure:5236: result: 1572864
configure:5253: checking whether the shell understands some XSI constructs
configure:5263: result: yes
configure:5267: checking whether the shell understands "+="
configure:5273: result: yes
configure:5308: checking how to convert x86_64-unknown-linux-gnu file names to x86_64-unknown-linux-gnu format
configure:5348: result: func_convert_file_noop
configure:5355: checking how to convert x86_64-unknown-linux-gnu file names to toolchain format
configure:5375: result: func_convert_file_noop
configure:5382: checking for /usr/x86_64-suse-linux/bin/ld option to reload object files
configure:5389: result: -r
configure:5463: checking for objdump
configure:5479: found /usr/bin/objdump
configure:5490: result: objdump
configure:5522: checking how to recognize dependent libraries
configure:5724: result: pass_all
configure:5809: checking for dlltool
configure:5839: result: no
configure:5869: checking how to associate runtime and link libraries
configure:5896: result: printf %s\n
configure:5957: checking for ar
configure:5973: found /usr/bin/ar
configure:5984: result: ar
configure:6021: checking for archiver @FILE support
configure:6038: gcc -c -Wall -O2 -D_FORTIFY_SOURCE=2  conftest.c >&5
configure:6038: $? = 0
configure:6041: ar cru libconftest.a @conftest.lst >&5
configure:6044: $? = 0
configure:6049: ar cru libconftest.a @conftest.lst >&5
ar: conftest.o: No such file or directory
configure:6052: $? = 1
configure:6064: result: @
configure:6122: checking for strip
configure:6138: found /usr/bin/strip
configure:6149: result: strip
configure:6221: checking for ranlib
configure:6237: found /usr/bin/ranlib
configure:6248: result: ranlib
configure:6350: checking command to parse /usr/bin/nm -B output from gcc object
configure:6470: gcc -c -Wall -O2 -D_FORTIFY_SOURCE=2  conftest.c >&5
configure:6473: $? = 0
configure:6477: /usr/bin/nm -B conftest.o \| sed -n -e 's/^.*[ ]\([ABCDGIRSTW][ABCDGIRSTW]*\)[ ][ ]*\([_A-Za-z][_A-Za-z0-9]*\)$/\1 \2 \2/p' | sed '/ __gnu_lto/d' \> conftest.nm
configure:6480: $? = 0
configure:6546: gcc -o conftest -Wall -O2 -D_FORTIFY_SOURCE=2   conftest.c conftstm.o >&5
configure:6549: $? = 0
configure:6587: result: ok
configure:6624: checking for sysroot
configure:6654: result: no
configure:6731: gcc -c -Wall -O2 -D_FORTIFY_SOURCE=2  conftest.c >&5
configure:6734: $? = 0
configure:6910: checking for mt
configure:6926: found /usr/bin/mt
configure:6937: result: mt
configure:6960: checking if mt is a manifest tool
configure:6966: mt '-?'
configure:6974: result: no
configure:7616: checking how to run the C preprocessor
configure:7647: gcc -E  conftest.c
configure:7647: $? = 0
configure:7661: gcc -E  conftest.c
conftest.c:11:28: fatal error: ac_nonexistent.h: No such file or directory
compilation terminated.
configure:7661: $? = 1
configure: failed program was:
| /* confdefs.h */
| #define PACKAGE_NAME "connman"
| #define PACKAGE_TARNAME "connman"
| #define PACKAGE_VERSION "1.12"
| #define PACKAGE_STRING "connman 1.12"
| #define PACKAGE_BUGREPORT ""
| #define PACKAGE_URL ""
| #define PACKAGE "connman"
| #define VERSION "1.12"
| /* end confdefs.h.  */
| #include <ac_nonexistent.h>
configure:7686: result: gcc -E
configure:7706: gcc -E  conftest.c
configure:7706: $? = 0
configure:7720: gcc -E  conftest.c
conftest.c:11:28: fatal error: ac_nonexistent.h: No such file or directory
compilation terminated.
configure:7720: $? = 1
configure: failed program was:
| /* confdefs.h */
| #define PACKAGE_NAME "connman"
| #define PACKAGE_TARNAME "connman"
| #define PACKAGE_VERSION "1.12"
| #define PACKAGE_STRING "connman 1.12"
| #define PACKAGE_BUGREPORT ""
| #define PACKAGE_URL ""
| #define PACKAGE "connman"
| #define VERSION "1.12"
| /* end confdefs.h.  */
| #include <ac_nonexistent.h>
configure:7749: checking for ANSI C header files
configure:7769: gcc -c -Wall -O2 -D_FORTIFY_SOURCE=2  conftest.c >&5
configure:7769: $? = 0
configure:7842: gcc -o conftest -Wall -O2 -D_FORTIFY_SOURCE=2   conftest.c  >&5
configure:7842: $? = 0
configure:7842: ./conftest
configure:7842: $? = 0
configure:7853: result: yes
configure:7866: checking for sys/types.h
configure:7866: gcc -c -Wall -O2 -D_FORTIFY_SOURCE=2  conftest.c >&5
configure:7866: $? = 0
configure:7866: result: yes
configure:7866: checking for sys/stat.h
configure:7866: gcc -c -Wall -O2 -D_FORTIFY_SOURCE=2  conftest.c >&5
configure:7866: $? = 0
configure:7866: result: yes
configure:7866: checking for stdlib.h
configure:7866: gcc -c -Wall -O2 -D_FORTIFY_SOURCE=2  conftest.c >&5
configure:7866: $? = 0
configure:7866: result: yes
configure:7866: checking for string.h
configure:7866: gcc -c -Wall -O2 -D_FORTIFY_SOURCE=2  conftest.c >&5
configure:7866: $? = 0
configure:7866: result: yes
configure:7866: checking for memory.h
configure:7866: gcc -c -Wall -O2 -D_FORTIFY_SOURCE=2  conftest.c >&5
configure:7866: $? = 0
configure:7866: result: yes
configure:7866: checking for strings.h
configure:7866: gcc -c -Wall -O2 -D_FORTIFY_SOURCE=2  conftest.c >&5
configure:7866: $? = 0
configure:7866: result: yes
configure:7866: checking for inttypes.h
configure:7866: gcc -c -Wall -O2 -D_FORTIFY_SOURCE=2  conftest.c >&5
configure:7866: $? = 0
configure:7866: result: yes
configure:7866: checking for stdint.h
configure:7866: gcc -c -Wall -O2 -D_FORTIFY_SOURCE=2  conftest.c >&5
configure:7866: $? = 0
configure:7866: result: yes
configure:7866: checking for unistd.h
configure:7866: gcc -c -Wall -O2 -D_FORTIFY_SOURCE=2  conftest.c >&5
configure:7866: $? = 0
configure:7866: result: yes
configure:7880: checking for dlfcn.h
configure:7880: gcc -c -Wall -O2 -D_FORTIFY_SOURCE=2  conftest.c >&5
configure:7880: $? = 0
configure:7880: result: yes
configure:8056: checking for objdir
configure:8071: result: .libs
configure:8338: checking if gcc supports -fno-rtti -fno-exceptions
configure:8356: gcc -c -Wall -O2 -D_FORTIFY_SOURCE=2  -fno-rtti -fno-exceptions conftest.c >&5
cc1: warning: command line option '-fno-rtti' is valid for C++/ObjC++ but not for C [enabled by default]
configure:8360: $? = 0
configure:8373: result: no
configure:8700: checking for gcc option to produce PIC
configure:8707: result: -fPIC -DPIC
configure:8715: checking if gcc PIC flag -fPIC -DPIC works
configure:8733: gcc -c -Wall -O2 -D_FORTIFY_SOURCE=2  -fPIC -DPIC -DPIC conftest.c >&5
configure:8737: $? = 0
configure:8750: result: yes
configure:8779: checking if gcc static flag -static works
configure:8807: result: no
configure:8822: checking if gcc supports -c -o file.o
configure:8843: gcc -c -Wall -O2 -D_FORTIFY_SOURCE=2  -o out/conftest2.o conftest.c >&5
configure:8847: $? = 0
configure:8869: result: yes
configure:8877: checking if gcc supports -c -o file.o
configure:8924: result: yes
configure:8957: checking whether the gcc linker (/usr/x86_64-suse-linux/bin/ld -m elf_x86_64) supports shared libraries
configure:10110: result: yes
configure:10147: checking whether -lc should be explicitly linked in
configure:10155: gcc -c -Wall -O2 -D_FORTIFY_SOURCE=2  conftest.c >&5
configure:10158: $? = 0
configure:10173: gcc -shared  -fPIC -DPIC conftest.o  -v -Wl,-soname -Wl,conftest -o conftest 2\>\&1 \| /usr/bin/grep  -lc  \>/dev/null 2\>\&1
configure:10176: $? = 0
configure:10190: result: no
configure:10350: checking dynamic linker characteristics
configure:10861: gcc -o conftest -Wall -O2 -D_FORTIFY_SOURCE=2   -Wl,-rpath -Wl,/foo conftest.c  >&5
configure:10861: $? = 0
configure:11083: result: GNU/Linux ld.so
configure:11190: checking how to hardcode library paths into programs
configure:11215: result: immediate
configure:11755: checking whether stripping libraries is possible
configure:11760: result: yes
configure:11795: checking if libtool supports shared libraries
configure:11797: result: yes
configure:11800: checking whether to build shared libraries
configure:11821: result: yes
configure:11824: checking whether to build static libraries
configure:11828: result: no
configure:11909: checking whether to build gtk-doc documentation
configure:11911: result: no
configure:11918: checking for gtkdoc-check
configure:11936: found /usr/bin/gtkdoc-check
configure:11948: result: /usr/bin/gtkdoc-check
configure:12051: checking for openconnect
configure:12070: found /usr/sbin/openconnect
configure:12082: result: /usr/sbin/openconnect
configure:12133: checking for openvpn
configure:12152: found /usr/sbin/openvpn
configure:12164: result: /usr/sbin/openvpn
configure:12215: checking for vpnc
configure:12234: found /usr/sbin/vpnc
configure:12246: result: /usr/sbin/vpnc
configure:12290: checking for pppd
configure:12309: found /usr/sbin/pppd
configure:12322: result: /usr/sbin/pppd
configure:12336: checking pppd/pppd.h usability
configure:12336: gcc -c -Wall -O2 -D_FORTIFY_SOURCE=2 -fPIE  conftest.c >&5
configure:12336: $? = 0
configure:12336: result: yes
configure:12336: checking pppd/pppd.h presence
configure:12336: gcc -E  conftest.c
configure:12336: $? = 0
configure:12336: result: yes
configure:12336: checking for pppd/pppd.h
configure:12336: result: yes
configure:12351: checking for xl2tpd
configure:12383: result: /usr/sbin/xl2tpd
configure:12424: checking for pppd
configure:12456: result: /usr/sbin/pppd
configure:12470: checking for pppd/pppd.h
configure:12470: result: yes
configure:12485: checking for pptp
configure:12504: found /usr/sbin/pptp
configure:12517: result: /usr/sbin/pptp
configure:12549: checking resolv.h usability
configure:12549: gcc -c -Wall -O2 -D_FORTIFY_SOURCE=2 -fPIE  conftest.c >&5
configure:12549: $? = 0
configure:12549: result: yes
configure:12549: checking resolv.h presence
configure:12549: gcc -E  conftest.c
configure:12549: $? = 0
configure:12549: result: yes
configure:12549: checking for resolv.h
configure:12549: result: yes
configure:12561: checking for ns_initparse in -lresolv
configure:12586: gcc -o conftest -Wall -O2 -D_FORTIFY_SOURCE=2 -fPIE   -pie conftest.c -lresolv   >&5
configure:12586: $? = 0
configure:12595: result: yes
configure:12647: checking for signalfd
configure:12647: gcc -o conftest -Wall -O2 -D_FORTIFY_SOURCE=2 -fPIE   -pie conftest.c  >&5
configure:12647: $? = 0
configure:12647: result: yes
configure:12655: checking for dlopen in -ldl
configure:12680: gcc -o conftest -Wall -O2 -D_FORTIFY_SOURCE=2 -fPIE   -pie conftest.c -ldl   >&5
configure:12680: $? = 0
configure:12689: result: yes
configure:12780: checking for GLIB
configure:12787: $PKG_CONFIG --exists --print-errors "glib-2.0 >= 2.28"
configure:12790: $? = 0
configure:12804: $PKG_CONFIG --exists --print-errors "glib-2.0 >= 2.28"
configure:12807: $? = 0
configure:12845: result: yes
configure:12858: checking for GTHREAD
configure:12865: $PKG_CONFIG --exists --print-errors "gthread-2.0 >= 2.16"
configure:12868: $? = 0
configure:12882: $PKG_CONFIG --exists --print-errors "gthread-2.0 >= 2.16"
configure:12885: $? = 0
configure:12923: result: yes
configure:12933: checking for DBUS
configure:12940: $PKG_CONFIG --exists --print-errors "dbus-1 >= 1.4"
configure:12943: $? = 0
configure:12957: $PKG_CONFIG --exists --print-errors "dbus-1 >= 1.4"
configure:12960: $? = 0
configure:12998: result: yes
configure:13058: checking for XTABLES
configure:13065: $PKG_CONFIG --exists --print-errors "xtables"
configure:13068: $? = 0
configure:13082: $PKG_CONFIG --exists --print-errors "xtables"
configure:13085: $? = 0
configure:13123: result: yes
configure:13357: checking for GNUTLS
configure:13364: $PKG_CONFIG --exists --print-errors "gnutls"
configure:13367: $? = 0
configure:13381: $PKG_CONFIG --exists --print-errors "gnutls"
configure:13384: $? = 0
configure:13422: result: yes
configure:13436: checking sys/inotify.h usability
configure:13436: gcc -c -Wall -O2 -D_FORTIFY_SOURCE=2 -fPIE  conftest.c >&5
configure:13436: $? = 0
configure:13436: result: yes
configure:13436: checking sys/inotify.h presence
configure:13436: gcc -E  conftest.c
configure:13436: $? = 0
configure:13436: result: yes
configure:13436: checking for sys/inotify.h
configure:13436: result: yes
configure:13449: checking for inotify_init in -lc
configure:13474: gcc -o conftest -Wall -O2 -D_FORTIFY_SOURCE=2 -fPIE   -pie conftest.c -lc   >&5
configure:13474: $? = 0
configure:13483: result: yes
configure:13496: checking for wpa_supplicant
configure:13515: found /usr/sbin/wpa_supplicant
configure:13527: result: /usr/sbin/wpa_supplicant
configure:13554: checking readline/readline.h usability
configure:13554: gcc -c -Wall -O2 -D_FORTIFY_SOURCE=2 -fPIE  conftest.c >&5
configure:13554: $? = 0
configure:13554: result: yes
configure:13554: checking readline/readline.h presence
configure:13554: gcc -E  conftest.c
configure:13554: $? = 0
configure:13554: result: yes
configure:13554: checking for readline/readline.h
configure:13554: result: yes
configure:13692: checking that generated files are newer than configure
configure:13698: result: done
configure:13873: creating ./config.status

## ---------------------- ##
## Running config.status. ##
## ---------------------- ##

This file was extended by connman config.status 1.12, which was
generated by GNU Autoconf 2.69.  Invocation command line was

  CONFIG_FILES    = 
  CONFIG_HEADERS  = 
  CONFIG_LINKS    = 
  CONFIG_COMMANDS = 
  $ ./config.status 

on ilia

config.status:1199: creating Makefile
config.status:1199: creating include/version.h
config.status:1199: creating src/connman.service
config.status:1199: creating vpn/connman-vpn.service
config.status:1199: creating vpn/net.connman.vpn.service
config.status:1199: creating scripts/connman
config.status:1199: creating doc/version.xml
config.status:1199: creating connman.pc
config.status:1199: creating config.h
config.status:1428: executing depfiles commands
config.status:1428: executing libtool commands
configure:16100: WARNING: unrecognized options: --disable-iwmx

## ---------------- ##
## Cache variables. ##
## ---------------- ##

ac_cv_build=x86_64-unknown-linux-gnu
ac_cv_c_compiler_gnu=yes
ac_cv_env_CC_set=
ac_cv_env_CC_value=
ac_cv_env_CFLAGS_set=
ac_cv_env_CFLAGS_value=
ac_cv_env_CPPFLAGS_set=
ac_cv_env_CPPFLAGS_value=
ac_cv_env_CPP_set=
ac_cv_env_CPP_value=
ac_cv_env_DBUS_CFLAGS_set=
ac_cv_env_DBUS_CFLAGS_value=
ac_cv_env_DBUS_LIBS_set=
ac_cv_env_DBUS_LIBS_value=
ac_cv_env_GLIB_CFLAGS_set=
ac_cv_env_GLIB_CFLAGS_value=
ac_cv_env_GLIB_LIBS_set=
ac_cv_env_GLIB_LIBS_value=
ac_cv_env_GNUTLS_CFLAGS_set=
ac_cv_env_GNUTLS_CFLAGS_value=
ac_cv_env_GNUTLS_LIBS_set=
ac_cv_env_GNUTLS_LIBS_value=
ac_cv_env_GTHREAD_CFLAGS_set=
ac_cv_env_GTHREAD_CFLAGS_value=
ac_cv_env_GTHREAD_LIBS_set=
ac_cv_env_GTHREAD_LIBS_value=
ac_cv_env_LDFLAGS_set=
ac_cv_env_LDFLAGS_value=
ac_cv_env_LIBS_set=
ac_cv_env_LIBS_value=
ac_cv_env_PKG_CONFIG_LIBDIR_set=
ac_cv_env_PKG_CONFIG_LIBDIR_value=
ac_cv_env_PKG_CONFIG_PATH_set=
ac_cv_env_PKG_CONFIG_PATH_value=
ac_cv_env_PKG_CONFIG_set=
ac_cv_env_PKG_CONFIG_value=
ac_cv_env_XTABLES_CFLAGS_set=
ac_cv_env_XTABLES_CFLAGS_value=
ac_cv_env_XTABLES_LIBS_set=
ac_cv_env_XTABLES_LIBS_value=
ac_cv_env_build_alias_set=
ac_cv_env_build_alias_value=
ac_cv_env_host_alias_set=
ac_cv_env_host_alias_value=
ac_cv_env_target_alias_set=
ac_cv_env_target_alias_value=
ac_cv_func_signalfd=yes
ac_cv_header_dlfcn_h=yes
ac_cv_header_inttypes_h=yes
ac_cv_header_memory_h=yes
ac_cv_header_pppd_pppd_h=yes
ac_cv_header_readline_readline_h=yes
ac_cv_header_resolv_h=yes
ac_cv_header_stdc=yes
ac_cv_header_stdint_h=yes
ac_cv_header_stdlib_h=yes
ac_cv_header_string_h=yes
ac_cv_header_strings_h=yes
ac_cv_header_sys_inotify_h=yes
ac_cv_header_sys_stat_h=yes
ac_cv_header_sys_types_h=yes
ac_cv_header_unistd_h=yes
ac_cv_host=x86_64-unknown-linux-gnu
ac_cv_lib_c_inotify_init=yes
ac_cv_lib_dl_dlopen=yes
ac_cv_lib_resolv_ns_initparse=yes
ac_cv_objext=o
ac_cv_path_EGREP='/usr/bin/grep -E'
ac_cv_path_FGREP='/usr/bin/grep -F'
ac_cv_path_GREP=/usr/bin/grep
ac_cv_path_GTKDOC_CHECK=/usr/bin/gtkdoc-check
ac_cv_path_L2TP=/usr/sbin/xl2tpd
ac_cv_path_OPENCONNECT=/usr/sbin/openconnect
ac_cv_path_OPENVPN=/usr/sbin/openvpn
ac_cv_path_PPPD=/usr/sbin/pppd
ac_cv_path_PPTP=/usr/sbin/pptp
ac_cv_path_SED=/usr/bin/sed
ac_cv_path_VPNC=/usr/sbin/vpnc
ac_cv_path_WPASUPPLICANT=/usr/sbin/wpa_supplicant
ac_cv_path_ac_pt_PKG_CONFIG=/usr/bin/pkg-config
ac_cv_path_install='/usr/bin/install -c'
ac_cv_path_mkdir=/usr/bin/mkdir
ac_cv_prog_AWK=gawk
ac_cv_prog_CPP='gcc -E'
ac_cv_prog_ac_ct_AR=ar
ac_cv_prog_ac_ct_CC=gcc
ac_cv_prog_ac_ct_MANIFEST_TOOL=mt
ac_cv_prog_ac_ct_OBJDUMP=objdump
ac_cv_prog_ac_ct_RANLIB=ranlib
ac_cv_prog_ac_ct_STRIP=strip
ac_cv_prog_cc_c89=
ac_cv_prog_cc_g=yes
ac_cv_prog_cc_gcc_c_o=yes
ac_cv_prog_cc_pie=yes
ac_cv_prog_make_make_set=yes
am_cv_CC_dependencies_compiler_type=gcc3
am_cv_make_support_nested_variables=yes
lt_cv_ar_at_file=@
lt_cv_archive_cmds_need_lc=no
lt_cv_deplibs_check_method=pass_all
lt_cv_file_magic_cmd='$MAGIC_CMD'
lt_cv_file_magic_test_file=
lt_cv_ld_reload_flag=-r
lt_cv_nm_interface='BSD nm'
lt_cv_objdir=.libs
lt_cv_path_LD=/usr/x86_64-suse-linux/bin/ld
lt_cv_path_NM='/usr/bin/nm -B'
lt_cv_path_mainfest_tool=no
lt_cv_prog_compiler_c_o=yes
lt_cv_prog_compiler_pic='-fPIC -DPIC'
lt_cv_prog_compiler_pic_works=yes
lt_cv_prog_compiler_rtti_exceptions=no
lt_cv_prog_compiler_static_works=no
lt_cv_prog_gnu_ld=yes
lt_cv_sharedlib_from_linklib_cmd='printf %s\n'
lt_cv_shlibpath_overrides_runpath=yes
lt_cv_sys_global_symbol_pipe='sed -n -e '\''s/^.*[	 ]\([ABCDGIRSTW][ABCDGIRSTW]*\)[	 ][	 ]*\([_A-Za-z][_A-Za-z0-9]*\)$/\1 \2 \2/p'\'' | sed '\''/ __gnu_lto/d'\'''
lt_cv_sys_global_symbol_to_c_name_address='sed -n -e '\''s/^: \([^ ]*\)[ ]*$/  {\"\1\", (void *) 0},/p'\'' -e '\''s/^[ABCDGIRSTW]* \([^ ]*\) \([^ ]*\)$/  {"\2", (void *) \&\2},/p'\'''
lt_cv_sys_global_symbol_to_c_name_address_lib_prefix='sed -n -e '\''s/^: \([^ ]*\)[ ]*$/  {\"\1\", (void *) 0},/p'\'' -e '\''s/^[ABCDGIRSTW]* \([^ ]*\) \(lib[^ ]*\)$/  {"\2", (void *) \&\2},/p'\'' -e '\''s/^[ABCDGIRSTW]* \([^ ]*\) \([^ ]*\)$/  {"lib\2", (void *) \&\2},/p'\'''
lt_cv_sys_global_symbol_to_cdecl='sed -n -e '\''s/^T .* \(.*\)$/extern int \1();/p'\'' -e '\''s/^[ABCDGIRSTW]* .* \(.*\)$/extern char \1;/p'\'''
lt_cv_sys_max_cmd_len=1572864
lt_cv_to_host_file_cmd=func_convert_file_noop
lt_cv_to_tool_file_cmd=func_convert_file_noop
pkg_cv_DBUS_CFLAGS='-I/usr/include/dbus-1.0 -I/usr/lib64/dbus-1.0/include  '
pkg_cv_DBUS_LIBS='-ldbus-1  '
pkg_cv_GLIB_CFLAGS='-I/usr/include/glib-2.0 -I/usr/lib64/glib-2.0/include  '
pkg_cv_GLIB_LIBS='-lglib-2.0  '
pkg_cv_GNUTLS_CFLAGS='-I/usr/include/p11-kit-1  '
pkg_cv_GNUTLS_LIBS='-lgnutls  '
pkg_cv_GTHREAD_CFLAGS='-pthread -I/usr/include/glib-2.0 -I/usr/lib64/glib-2.0/include  '
pkg_cv_GTHREAD_LIBS='-pthread -lgthread-2.0 -lrt -lglib-2.0  '
pkg_cv_XTABLES_CFLAGS='-I/usr/include/iptables-1.4.16.3  '
pkg_cv_XTABLES_LIBS='-lxtables  '

## ----------------- ##
## Output variables. ##
## ----------------- ##

ACLOCAL='${SHELL} /home/ilia/Documents/rpmtests/1.12-1.1/connman-1.12/missing --run aclocal-1.12'
AMDEPBACKSLASH='\'
AMDEP_FALSE='#'
AMDEP_TRUE=''
AMTAR='$${TAR-tar}'
AM_BACKSLASH='\'
AM_DEFAULT_V='$(AM_DEFAULT_VERBOSITY)'
AM_DEFAULT_VERBOSITY='0'
AM_V='$(V)'
AR='ar'
AUTOCONF='${SHELL} /home/ilia/Documents/rpmtests/1.12-1.1/connman-1.12/missing --run autoconf'
AUTOHEADER='${SHELL} /home/ilia/Documents/rpmtests/1.12-1.1/connman-1.12/missing --run autoheader'
AUTOMAKE='${SHELL} /home/ilia/Documents/rpmtests/1.12-1.1/connman-1.12/missing --run automake-1.12'
AWK='gawk'
BLUETOOTH_FALSE='#'
BLUETOOTH_TRUE=''
CC='gcc'
CCDEPMODE='depmode=gcc3'
CFLAGS='-Wall -O2 -D_FORTIFY_SOURCE=2 -fPIE'
CLIENT_FALSE='#'
CLIENT_TRUE=''
CPP='gcc -E'
CPPFLAGS=''
CYGPATH_W='echo'
DATAFILES_FALSE='#'
DATAFILES_TRUE=''
DBUS_CFLAGS='-I/usr/include/dbus-1.0 -I/usr/lib64/dbus-1.0/include  '
DBUS_CONFDIR='/etc/dbus-1/system.d'
DBUS_DATADIR='${datarootdir}/dbus-1/system-services'
DBUS_LIBS='-ldbus-1  '
DEFS='-DHAVE_CONFIG_H'
DEPDIR='.deps'
DLLTOOL='false'
DSYMUTIL=''
DUMPBIN=''
DUNDEE_FALSE='#'
DUNDEE_TRUE=''
ECHO_C=''
ECHO_N='-n'
ECHO_T=''
EGREP='/usr/bin/grep -E'
ENABLE_GTK_DOC_FALSE=''
ENABLE_GTK_DOC_TRUE='#'
ETHERNET_FALSE='#'
ETHERNET_TRUE=''
EXEEXT=''
FGREP='/usr/bin/grep -F'
GLIB_CFLAGS='-I/usr/include/glib-2.0 -I/usr/lib64/glib-2.0/include   -pthread -I/usr/include/glib-2.0 -I/usr/lib64/glib-2.0/include  '
GLIB_LIBS='-lglib-2.0   -pthread -lgthread-2.0 -lrt -lglib-2.0  '
GNUTLS_CFLAGS='-I/usr/include/p11-kit-1  '
GNUTLS_LIBS='-lgnutls  '
GREP='/usr/bin/grep'
GTHREAD_CFLAGS='-pthread -I/usr/include/glib-2.0 -I/usr/lib64/glib-2.0/include  '
GTHREAD_LIBS='-pthread -lgthread-2.0 -lrt -lglib-2.0  '
GTKDOC_CHECK='/usr/bin/gtkdoc-check'
GTK_DOC_USE_LIBTOOL_FALSE='#'
GTK_DOC_USE_LIBTOOL_TRUE=''
HH2SERIAL_GPS_BUILTIN_FALSE=''
HH2SERIAL_GPS_BUILTIN_TRUE='#'
HH2SERIAL_GPS_FALSE='#'
HH2SERIAL_GPS_TRUE=''
HTML_DIR='${datadir}/gtk-doc/html'
INSTALL_DATA='${INSTALL} -m 644'
INSTALL_PROGRAM='${INSTALL}'
INSTALL_SCRIPT='${INSTALL}'
INSTALL_STRIP_PROGRAM='$(install_sh) -c -s'
IOSPM_FALSE='#'
IOSPM_TRUE=''
L2TP='/usr/sbin/xl2tpd'
L2TP_BUILTIN_FALSE=''
L2TP_BUILTIN_TRUE='#'
L2TP_FALSE='#'
L2TP_TRUE=''
LD='/usr/x86_64-suse-linux/bin/ld -m elf_x86_64'
LDFLAGS=' -pie'
LIBOBJS=''
LIBS=''
LIBTOOL='$(SHELL) $(top_builddir)/libtool'
LIPO=''
LN_S='ln -s'
LOOPBACK_FALSE='#'
LOOPBACK_TRUE=''
LTLIBOBJS=''
MAINT='#'
MAINTAINER_MODE_FALSE=''
MAINTAINER_MODE_TRUE='#'
MAKEINFO='${SHELL} /home/ilia/Documents/rpmtests/1.12-1.1/connman-1.12/missing --run makeinfo'
MANIFEST_TOOL=':'
MKDIR_P='/usr/bin/mkdir -p'
NEARD_FALSE='#'
NEARD_TRUE=''
NM='/usr/bin/nm -B'
NMCOMPAT_FALSE='#'
NMCOMPAT_TRUE=''
NMEDIT=''
OBJDUMP='objdump'
OBJEXT='o'
OFONO_FALSE='#'
OFONO_TRUE=''
OPENCONNECT='/usr/sbin/openconnect'
OPENCONNECT_BUILTIN_FALSE=''
OPENCONNECT_BUILTIN_TRUE='#'
OPENCONNECT_FALSE='#'
OPENCONNECT_TRUE=''
OPENVPN='/usr/sbin/openvpn'
OPENVPN_BUILTIN_FALSE=''
OPENVPN_BUILTIN_TRUE='#'
OPENVPN_FALSE='#'
OPENVPN_TRUE=''
OTOOL64=''
OTOOL=''
PACKAGE='connman'
PACKAGE_BUGREPORT=''
PACKAGE_NAME='connman'
PACKAGE_STRING='connman 1.12'
PACKAGE_TARNAME='connman'
PACKAGE_URL=''
PACKAGE_VERSION='1.12'
PACRUNNER_FALSE='#'
PACRUNNER_TRUE=''
PATH_SEPARATOR=':'
PKG_CONFIG='/usr/bin/pkg-config'
PKG_CONFIG_LIBDIR=''
PKG_CONFIG_PATH=''
POLKIT_DATADIR='${datarootdir}/polkit-1/actions'
POLKIT_FALSE='#'
POLKIT_TRUE=''
PPPD='/usr/sbin/pppd'
PPTP='/usr/sbin/pptp'
PPTP_BUILTIN_FALSE=''
PPTP_BUILTIN_TRUE='#'
PPTP_FALSE='#'
PPTP_TRUE=''
RANLIB='ranlib'
SED='/usr/bin/sed'
SELINUX_FALSE=''
SELINUX_TRUE='#'
SESSION_POLICY_LOCAL_BUILTIN_FALSE=''
SESSION_POLICY_LOCAL_BUILTIN_TRUE='#'
SESSION_POLICY_LOCAL_FALSE='#'
SESSION_POLICY_LOCAL_TRUE=''
SET_MAKE=''
SHELL='/bin/sh'
STRIP='strip'
SYSTEMD_FALSE=''
SYSTEMD_TRUE='#'
SYSTEMD_UNITDIR=''
TEST_FALSE='#'
TEST_TRUE=''
TIST_BUILTIN_FALSE=''
TIST_BUILTIN_TRUE='#'
TIST_FALSE='#'
TIST_TRUE=''
TOOLS_FALSE='#'
TOOLS_TRUE=''
VERSION='1.12'
VPNC='/usr/sbin/vpnc'
VPNC_BUILTIN_FALSE=''
VPNC_BUILTIN_TRUE='#'
VPNC_FALSE='#'
VPNC_TRUE=''
VPN_FALSE='#'
VPN_TRUE=''
WIFI_FALSE='#'
WIFI_TRUE=''
WISPR_FALSE='#'
WISPR_TRUE=''
WPASUPPLICANT='/usr/sbin/wpa_supplicant'
XTABLES_CFLAGS='-I/usr/include/iptables-1.4.16.3  '
XTABLES_LIBS='-lxtables  '
abs_top_builddir=''
abs_top_srcdir=''
ac_ct_AR='ar'
ac_ct_CC='gcc'
ac_ct_DUMPBIN=''
am__EXEEXT_FALSE=''
am__EXEEXT_TRUE='#'
am__fastdepCC_FALSE='#'
am__fastdepCC_TRUE=''
am__include='include'
am__isrc=''
am__leading_dot='.'
am__nodep='_no'
am__quote=''
am__tar='$${TAR-tar} chof - "$$tardir"'
am__untar='$${TAR-tar} xf -'
bindir='${exec_prefix}/bin'
build='x86_64-unknown-linux-gnu'
build_alias=''
build_cpu='x86_64'
build_os='linux-gnu'
build_vendor='unknown'
datadir='${datarootdir}'
datarootdir='${prefix}/share'
docdir='${datarootdir}/doc/${PACKAGE_TARNAME}'
dvidir='${docdir}'
exec_prefix='${prefix}'
host='x86_64-unknown-linux-gnu'
host_alias=''
host_cpu='x86_64'
host_os='linux-gnu'
host_vendor='unknown'
htmldir='${docdir}'
includedir='${prefix}/include'
infodir='${datarootdir}/info'
install_sh='${SHELL} /home/ilia/Documents/rpmtests/1.12-1.1/connman-1.12/install-sh'
libdir='${exec_prefix}/lib64'
libexecdir='${exec_prefix}/lib'
localedir='${datarootdir}/locale'
localstatedir='${prefix}/var'
mandir='${datarootdir}/man'
mkdir_p='/usr/bin/mkdir -p'
oldincludedir='/usr/include'
pdfdir='${docdir}'
prefix='/usr/local'
program_transform_name='s,x,x,'
psdir='${docdir}'
sbindir='${exec_prefix}/sbin'
sharedstatedir='${prefix}/com'
sysconfdir='${prefix}/etc'
target_alias=''

## ----------- ##
## confdefs.h. ##
## ----------- ##

/* confdefs.h */
#define PACKAGE_NAME "connman"
#define PACKAGE_TARNAME "connman"
#define PACKAGE_VERSION "1.12"
#define PACKAGE_STRING "connman 1.12"
#define PACKAGE_BUGREPORT ""
#define PACKAGE_URL ""
#define PACKAGE "connman"
#define VERSION "1.12"
#define STDC_HEADERS 1
#define HAVE_SYS_TYPES_H 1
#define HAVE_SYS_STAT_H 1
#define HAVE_STDLIB_H 1
#define HAVE_STRING_H 1
#define HAVE_MEMORY_H 1
#define HAVE_STRINGS_H 1
#define HAVE_INTTYPES_H 1
#define HAVE_STDINT_H 1
#define HAVE_UNISTD_H 1
#define HAVE_DLFCN_H 1
#define LT_OBJDIR ".libs/"
#define HAVE_PPPD_PPPD_H 1
#define HAVE_PPPD_PPPD_H 1
#define HAVE_RESOLV_H 1
#define STATS_MAX_FILE_SIZE (16 * 8 * 128)
#define NEED_THREADS 1
#define HAVE_SYS_INOTIFY_H 1
#define HAVE_READLINE_READLINE_H 1

configure: exit 0
